<?xml version="1.0" encoding="UTF-8"?>
<testng-results ignored="0" total="3" passed="2" failed="1" skipped="0">
  <reporter-output>
  </reporter-output>
  <suite started-at="2024-07-27T14:33:55 IST" name="Suite" finished-at="2024-07-27T14:34:22 IST" duration-ms="26526">
    <groups>
    </groups>
    <test started-at="2024-07-27T14:33:55 IST" name="Test" finished-at="2024-07-27T14:34:22 IST" duration-ms="26526">
      <class name="com.e_learingproject.testcases.LoginTest">
        <test-method is-config="true" signature="setUp()[pri:0, instance:com.e_learingproject.testcases.LoginTest@6892b3b6]" started-at="2024-07-27T14:33:57 IST" name="setUp" finished-at="2024-07-27T14:34:03 IST" duration-ms="6351" status="PASS">
          <reporter-output>
          </reporter-output>
        </test-method> <!-- setUp -->
        <test-method signature="VerifyLogin(java.lang.String,java.lang.String)[pri:1, instance:com.e_learingproject.testcases.LoginTest@6892b3b6]" started-at="2024-07-27T14:34:03 IST" name="VerifyLogin" data-provider="LoginDataProvider" finished-at="2024-07-27T14:34:06 IST" duration-ms="2481" status="FAIL">
          <params>
            <param index="0">
              <value>
                <![CDATA[Demo1253534]]>
              </value>
            </param>
            <param index="1">
              <value>
                <![CDATA[Test1234545456$]]>
              </value>
            </param>
          </params>
          <exception class="java.lang.AssertionError">
            <message>
              <![CDATA[expected [true] but found [false]]]>
            </message>
            <full-stacktrace>
              <![CDATA[java.lang.AssertionError: expected [true] but found [false]
at org.testng.Assert.fail(Assert.java:111)
at org.testng.Assert.failNotEquals(Assert.java:1578)
at org.testng.Assert.assertTrue(Assert.java:57)
at org.testng.Assert.assertTrue(Assert.java:67)
at com.e_learingproject.testcases.LoginTest.VerifyLogin(LoginTest.java:37)
at java.base/jdk.internal.reflect.NativeMethodAccessorImpl.invoke0(Native Method)
at java.base/jdk.internal.reflect.NativeMethodAccessorImpl.invoke(NativeMethodAccessorImpl.java:77)
at java.base/jdk.internal.reflect.DelegatingMethodAccessorImpl.invoke(DelegatingMethodAccessorImpl.java:43)
at java.base/java.lang.reflect.Method.invoke(Method.java:568)
at org.testng.internal.invokers.MethodInvocationHelper.invokeMethod(MethodInvocationHelper.java:141)
at org.testng.internal.invokers.TestInvoker.invokeMethod(TestInvoker.java:686)
at org.testng.internal.invokers.TestInvoker.invokeTestMethod(TestInvoker.java:230)
at org.testng.internal.invokers.MethodRunner.runInSequence(MethodRunner.java:63)
at org.testng.internal.invokers.TestInvoker$MethodInvocationAgent.invoke(TestInvoker.java:992)
at org.testng.internal.invokers.TestInvoker.invokeTestMethods(TestInvoker.java:203)
at org.testng.internal.invokers.TestMethodWorker.invokeTestMethods(TestMethodWorker.java:154)
at org.testng.internal.invokers.TestMethodWorker.run(TestMethodWorker.java:134)
at java.base/java.util.ArrayList.forEach(ArrayList.java:1511)
at org.testng.TestRunner.privateRun(TestRunner.java:739)
at org.testng.TestRunner.run(TestRunner.java:614)
at org.testng.SuiteRunner.runTest(SuiteRunner.java:421)
at org.testng.SuiteRunner.runSequentially(SuiteRunner.java:413)
at org.testng.SuiteRunner.privateRun(SuiteRunner.java:373)
at org.testng.SuiteRunner.run(SuiteRunner.java:312)
at org.testng.SuiteRunnerWorker.runSuite(SuiteRunnerWorker.java:52)
at org.testng.SuiteRunnerWorker.run(SuiteRunnerWorker.java:95)
at org.testng.TestNG.runSuitesSequentially(TestNG.java:1274)
at org.testng.TestNG.runSuitesLocally(TestNG.java:1208)
at org.testng.TestNG.runSuites(TestNG.java:1112)
at org.testng.TestNG.run(TestNG.java:1079)
at org.testng.remote.AbstractRemoteTestNG.run(AbstractRemoteTestNG.java:115)
at org.testng.remote.RemoteTestNG.initAndRun(RemoteTestNG.java:293)
at org.testng.remote.RemoteTestNG.main(RemoteTestNG.java:91)
]]>
            </full-stacktrace>
          </exception> <!-- java.lang.AssertionError -->
          <reporter-output>
          </reporter-output>
        </test-method> <!-- VerifyLogin -->
        <test-method is-config="true" signature="tearDown()[pri:0, instance:com.e_learingproject.testcases.LoginTest@6892b3b6]" started-at="2024-07-27T14:34:06 IST" name="tearDown" finished-at="2024-07-27T14:34:06 IST" duration-ms="239" status="PASS">
          <reporter-output>
          </reporter-output>
        </test-method> <!-- tearDown -->
        <test-method is-config="true" signature="setUp()[pri:0, instance:com.e_learingproject.testcases.LoginTest@6892b3b6]" started-at="2024-07-27T14:34:06 IST" name="setUp" finished-at="2024-07-27T14:34:12 IST" duration-ms="5705" status="PASS">
          <reporter-output>
          </reporter-output>
        </test-method> <!-- setUp -->
        <test-method signature="VerifyLogin(java.lang.String,java.lang.String)[pri:1, instance:com.e_learingproject.testcases.LoginTest@6892b3b6]" started-at="2024-07-27T14:34:12 IST" name="VerifyLogin" data-provider="LoginDataProvider" finished-at="2024-07-27T14:34:14 IST" duration-ms="2153" status="PASS">
          <params>
            <param index="0">
              <value>
                <![CDATA[Demo12]]>
              </value>
            </param>
            <param index="1">
              <value>
                <![CDATA[Test123456$]]>
              </value>
            </param>
          </params>
          <reporter-output>
          </reporter-output>
        </test-method> <!-- VerifyLogin -->
        <test-method is-config="true" signature="tearDown()[pri:0, instance:com.e_learingproject.testcases.LoginTest@6892b3b6]" started-at="2024-07-27T14:34:14 IST" name="tearDown" finished-at="2024-07-27T14:34:14 IST" duration-ms="234" status="PASS">
          <reporter-output>
          </reporter-output>
        </test-method> <!-- tearDown -->
      </class> <!-- com.e_learingproject.testcases.LoginTest -->
      <class name="com.e_learingproject.testcases.SerachTestCase">
        <test-method is-config="true" signature="setUp()[pri:0, instance:com.e_learingproject.testcases.SerachTestCase@4b29d1d2]" started-at="2024-07-27T14:34:14 IST" name="setUp" finished-at="2024-07-27T14:34:20 IST" duration-ms="5777" status="PASS">
          <reporter-output>
          </reporter-output>
        </test-method> <!-- setUp -->
        <test-method signature="searchCourseTesr()[pri:1, instance:com.e_learingproject.testcases.SerachTestCase@4b29d1d2]" started-at="2024-07-27T14:34:20 IST" name="searchCourseTesr" finished-at="2024-07-27T14:34:22 IST" duration-ms="1830" status="PASS">
          <reporter-output>
          </reporter-output>
        </test-method> <!-- searchCourseTesr -->
        <test-method is-config="true" signature="tearDown()[pri:0, instance:com.e_learingproject.testcases.SerachTestCase@4b29d1d2]" started-at="2024-07-27T14:34:22 IST" name="tearDown" finished-at="2024-07-27T14:34:22 IST" duration-ms="318" status="PASS">
          <reporter-output>
          </reporter-output>
        </test-method> <!-- tearDown -->
      </class> <!-- com.e_learingproject.testcases.SerachTestCase -->
    </test> <!-- Test -->
  </suite> <!-- Suite -->
</testng-results>
